{
  "stats": {
    "suites": 1,
    "tests": 3,
    "passes": 3,
    "pending": 0,
    "failures": 0,
    "start": "2021-11-05T18:26:33.673Z",
    "end": "2021-11-05T18:26:34.778Z",
    "duration": 1105,
    "testsRegistered": 3,
    "passPercent": 100,
    "pendingPercent": 0,
    "other": 0,
    "hasOther": false,
    "skipped": 0,
    "hasSkipped": false
  },
  "results": [
    {
      "uuid": "9906e795-09c5-41db-ab7b-92a28d15ec4f",
      "title": "",
      "fullFile": "cypress/tests/articles-login.spec.js",
      "file": "cypress/tests/articles-login.spec.js",
      "beforeHooks": [],
      "afterHooks": [],
      "tests": [],
      "suites": [
        {
          "uuid": "1e950d45-b2f1-4535-8747-d7e8a82557d9",
          "title": "Verificações de Login",
          "fullFile": "",
          "file": "",
          "beforeHooks": [],
          "afterHooks": [],
          "tests": [
            {
              "title": "Login com sucesso",
              "fullTitle": "Verificações de Login Login com sucesso",
              "timedOut": null,
              "duration": 500,
              "state": "passed",
              "speed": "fast",
              "pass": true,
              "fail": false,
              "pending": false,
              "context": null,
              "code": "cy.request({\n  method: 'POST',\n  url: 'https://api.realworld.io/api/users/login',\n  body: {\n    user: {\n      \"email\": \"leonardormenezes83@gmail.com\",\n      \"password\": \"bootcamp@123\"\n    }\n  }\n}).then(response => {\n  //Wconsole.log(response)\n  expect(response.status).to.eq(200);\n  expect(response.body.user.token).not.null;\n});",
              "err": {},
              "uuid": "20c83fc7-d11c-4c22-aad4-f1dcaca277e3",
              "parentUUID": "1e950d45-b2f1-4535-8747-d7e8a82557d9",
              "isHook": false,
              "skipped": false
            },
            {
              "title": "Senha inválida",
              "fullTitle": "Verificações de Login Senha inválida",
              "timedOut": null,
              "duration": 312,
              "state": "passed",
              "speed": "fast",
              "pass": true,
              "fail": false,
              "pending": false,
              "context": null,
              "code": "cy.request({\n  method: 'POST',\n  url: 'https://api.realworld.io/api/users/login',\n  failOnStatusCode: false,\n  body: {\n    user: {\n      \"email\": \"leonardormenezes83@gmail.com\",\n      \"password\": \"123\"\n    }\n  }\n}).then(response => {\n  //console.log(response.body.errors.)\n  expect(response.status).to.eq(403);\n  expect(response.body.errors['email or password'][0]).to.eq('is invalid');\n  expect(response.body.user).to.undefined; //ou not.exist\n  //expect(response.body.user).not.exist\n});",
              "err": {},
              "uuid": "504f4989-4178-4f4b-85e2-969a2d0232a4",
              "parentUUID": "1e950d45-b2f1-4535-8747-d7e8a82557d9",
              "isHook": false,
              "skipped": false
            },
            {
              "title": "Login ou senha em branco",
              "fullTitle": "Verificações de Login Login ou senha em branco",
              "timedOut": null,
              "duration": 222,
              "state": "passed",
              "speed": "fast",
              "pass": true,
              "fail": false,
              "pending": false,
              "context": null,
              "code": "cy.request({\n  method: 'POST',\n  url: 'https://api.realworld.io/api/users/login',\n  failOnStatusCode: false,\n  body: {\n    user: {\n      \"email\": \"\",\n      \"password\": \"\"\n    }\n  }\n}).then(response => {\n  console.log(response);\n  expect(response.status).to.eq(422);\n  expect(response.body.errors.email[0]).eq(\"can't be blank\");\n  expect(response.body.user).to.undefined; //ou not.exist\n  //expect(response.body.user).not.exist\n});",
              "err": {},
              "uuid": "1c3634e6-9f68-4e1e-bbb1-83d729041b35",
              "parentUUID": "1e950d45-b2f1-4535-8747-d7e8a82557d9",
              "isHook": false,
              "skipped": false
            }
          ],
          "suites": [],
          "passes": [
            "20c83fc7-d11c-4c22-aad4-f1dcaca277e3",
            "504f4989-4178-4f4b-85e2-969a2d0232a4",
            "1c3634e6-9f68-4e1e-bbb1-83d729041b35"
          ],
          "failures": [],
          "pending": [],
          "skipped": [],
          "duration": 1034,
          "root": false,
          "rootEmpty": false,
          "_timeout": 2000
        }
      ],
      "passes": [],
      "failures": [],
      "pending": [],
      "skipped": [],
      "duration": 0,
      "root": true,
      "rootEmpty": true,
      "_timeout": 2000
    }
  ],
  "meta": {
    "mocha": {
      "version": "7.0.1"
    },
    "mochawesome": {
      "options": {
        "quiet": true,
        "reportFilename": "mochawesome",
        "saveHtml": false,
        "saveJson": true,
        "consoleReporter": "spec",
        "useInlineDiffs": false,
        "code": true
      },
      "version": "7.0.0"
    },
    "marge": {
      "options": {
        "id": "default",
        "reportDir": "mochawesome-report",
        "quiet": true,
        "overwrite": false,
        "html": false,
        "json": true
      },
      "version": "6.0.0"
    }
  }
}