{
  "stats": {
    "suites": 1,
    "tests": 1,
    "passes": 1,
    "pending": 0,
    "failures": 0,
    "start": "2021-11-05T17:57:32.655Z",
    "end": "2021-11-05T17:57:33.025Z",
    "duration": 370,
    "testsRegistered": 1,
    "passPercent": 100,
    "pendingPercent": 0,
    "other": 0,
    "hasOther": false,
    "skipped": 0,
    "hasSkipped": false
  },
  "results": [
    {
      "uuid": "02f37285-d3ed-4174-ac2d-8642121ce0d7",
      "title": "",
      "fullFile": "cypress/tests/articles-login.spec.js",
      "file": "cypress/tests/articles-login.spec.js",
      "beforeHooks": [],
      "afterHooks": [],
      "tests": [],
      "suites": [
        {
          "uuid": "0099751a-2da9-4c38-9fc6-b09580cee8c3",
          "title": "Verificações de Login",
          "fullFile": "",
          "file": "",
          "beforeHooks": [],
          "afterHooks": [],
          "tests": [
            {
              "title": "Senha inválida",
              "fullTitle": "Verificações de Login Senha inválida",
              "timedOut": null,
              "duration": 322,
              "state": "passed",
              "speed": "fast",
              "pass": true,
              "fail": false,
              "pending": false,
              "context": null,
              "code": "cy.request({\n  method: 'POST',\n  url: 'https://api.realworld.io/api/users/login',\n  failOnStatusCode: false,\n  body: {\n    user: {\n      \"email\": \"leonardormenezes83@gmail.com\",\n      \"password\": \"123\"\n    }\n  }\n}).then(response => {\n  //console.log(response.body.errors.)\n  expect(response.status).to.eq(403);\n  expect(response.body.errors['email or password'][0]).to.eq('is invalid');\n  expect(response.body.user).to.undefined; //ou not.exist\n  //expect(response.body.user).not.exist\n});",
              "err": {},
              "uuid": "f5dcc0de-1f89-4ef8-a1a8-e62170c7ffa8",
              "parentUUID": "0099751a-2da9-4c38-9fc6-b09580cee8c3",
              "isHook": false,
              "skipped": false
            }
          ],
          "suites": [],
          "passes": [
            "f5dcc0de-1f89-4ef8-a1a8-e62170c7ffa8"
          ],
          "failures": [],
          "pending": [],
          "skipped": [],
          "duration": 322,
          "root": false,
          "rootEmpty": false,
          "_timeout": 2000
        }
      ],
      "passes": [],
      "failures": [],
      "pending": [],
      "skipped": [],
      "duration": 0,
      "root": true,
      "rootEmpty": true,
      "_timeout": 2000
    }
  ],
  "meta": {
    "mocha": {
      "version": "7.0.1"
    },
    "mochawesome": {
      "options": {
        "quiet": true,
        "reportFilename": "mochawesome",
        "saveHtml": false,
        "saveJson": true,
        "consoleReporter": "spec",
        "useInlineDiffs": false,
        "code": true
      },
      "version": "7.0.0"
    },
    "marge": {
      "options": {
        "id": "default",
        "reportDir": "mochawesome-report",
        "quiet": true,
        "overwrite": false,
        "html": false,
        "json": true
      },
      "version": "6.0.0"
    }
  }
}